{"/Users/p2824538/Documents/code/RAVEN/raven-microservice-boilerplate/api/index.mjs": {"path":"/Users/p2824538/Documents/code/RAVEN/raven-microservice-boilerplate/api/index.mjs","statementMap":{},"fnMap":{},"branchMap":{},"s":{},"f":{},"b":{},"_coverageSchema":"43e27e138ebf9cfc5966b082cf9a028302ed4184","hash":"31638f601c6db48e839ee76702c2453a4d0c857c"}
,"/Users/p2824538/Documents/code/RAVEN/raven-microservice-boilerplate/api/modules/basics/basicsApi.mjs": {"path":"/Users/p2824538/Documents/code/RAVEN/raven-microservice-boilerplate/api/modules/basics/basicsApi.mjs","statementMap":{"0":{"start":{"line":3,"column":17},"end":{"line":3,"column":33}},"1":{"start":{"line":7,"column":8},"end":{"line":25,"column":10}},"2":{"start":{"line":8,"column":12},"end":{"line":24,"column":18}},"3":{"start":{"line":10,"column":20},"end":{"line":10,"column":38}},"4":{"start":{"line":13,"column":20},"end":{"line":16,"column":22}},"5":{"start":{"line":19,"column":20},"end":{"line":19,"column":70}},"6":{"start":{"line":20,"column":20},"end":{"line":23,"column":22}},"7":{"start":{"line":28,"column":8},"end":{"line":48,"column":10}},"8":{"start":{"line":29,"column":12},"end":{"line":47,"column":13}},"9":{"start":{"line":30,"column":16},"end":{"line":35,"column":17}},"10":{"start":{"line":31,"column":20},"end":{"line":34,"column":22}},"11":{"start":{"line":36,"column":31},"end":{"line":36,"column":76}},"12":{"start":{"line":37,"column":16},"end":{"line":41,"column":18}},"13":{"start":{"line":43,"column":16},"end":{"line":46,"column":18}},"14":{"start":{"line":51,"column":8},"end":{"line":77,"column":10}},"15":{"start":{"line":52,"column":12},"end":{"line":57,"column":13}},"16":{"start":{"line":53,"column":16},"end":{"line":56,"column":18}},"17":{"start":{"line":58,"column":12},"end":{"line":76,"column":13}},"18":{"start":{"line":59,"column":38},"end":{"line":59,"column":42}},"19":{"start":{"line":62,"column":31},"end":{"line":62,"column":50}},"20":{"start":{"line":64,"column":31},"end":{"line":64,"column":111}},"21":{"start":{"line":66,"column":16},"end":{"line":70,"column":18}},"22":{"start":{"line":72,"column":16},"end":{"line":75,"column":18}},"23":{"start":{"line":80,"column":8},"end":{"line":101,"column":10}},"24":{"start":{"line":81,"column":12},"end":{"line":86,"column":13}},"25":{"start":{"line":82,"column":16},"end":{"line":85,"column":18}},"26":{"start":{"line":87,"column":12},"end":{"line":100,"column":13}},"27":{"start":{"line":88,"column":31},"end":{"line":88,"column":78}},"28":{"start":{"line":90,"column":16},"end":{"line":94,"column":18}},"29":{"start":{"line":96,"column":16},"end":{"line":99,"column":18}},"30":{"start":{"line":104,"column":8},"end":{"line":147,"column":10}},"31":{"start":{"line":105,"column":12},"end":{"line":146,"column":13}},"32":{"start":{"line":106,"column":16},"end":{"line":118,"column":17}},"33":{"start":{"line":107,"column":20},"end":{"line":110,"column":22}},"34":{"start":{"line":111,"column":23},"end":{"line":118,"column":17}},"35":{"start":{"line":112,"column":20},"end":{"line":112,"column":38}},"36":{"start":{"line":113,"column":23},"end":{"line":118,"column":17}},"37":{"start":{"line":114,"column":20},"end":{"line":117,"column":22}},"38":{"start":{"line":119,"column":16},"end":{"line":129,"column":17}},"39":{"start":{"line":120,"column":20},"end":{"line":123,"column":22}},"40":{"start":{"line":124,"column":23},"end":{"line":129,"column":17}},"41":{"start":{"line":125,"column":20},"end":{"line":128,"column":22}},"42":{"start":{"line":130,"column":38},"end":{"line":130,"column":42}},"43":{"start":{"line":131,"column":40},"end":{"line":131,"column":49}},"44":{"start":{"line":132,"column":36},"end":{"line":132,"column":49}},"45":{"start":{"line":134,"column":31},"end":{"line":134,"column":96}},"46":{"start":{"line":136,"column":16},"end":{"line":140,"column":18}},"47":{"start":{"line":142,"column":16},"end":{"line":145,"column":18}}},"fnMap":{"0":{"name":"(anonymous_0)","decl":{"start":{"line":6,"column":17},"end":{"line":6,"column":18}},"loc":{"start":{"line":6,"column":23},"end":{"line":26,"column":5}},"line":6},"1":{"name":"(anonymous_1)","decl":{"start":{"line":7,"column":27},"end":{"line":7,"column":28}},"loc":{"start":{"line":7,"column":48},"end":{"line":25,"column":9}},"line":7},"2":{"name":"(anonymous_2)","decl":{"start":{"line":9,"column":22},"end":{"line":9,"column":23}},"loc":{"start":{"line":9,"column":29},"end":{"line":11,"column":17}},"line":9},"3":{"name":"(anonymous_3)","decl":{"start":{"line":12,"column":23},"end":{"line":12,"column":24}},"loc":{"start":{"line":12,"column":31},"end":{"line":17,"column":17}},"line":12},"4":{"name":"(anonymous_4)","decl":{"start":{"line":18,"column":23},"end":{"line":18,"column":24}},"loc":{"start":{"line":18,"column":36},"end":{"line":24,"column":17}},"line":18},"5":{"name":"(anonymous_5)","decl":{"start":{"line":27,"column":18},"end":{"line":27,"column":19}},"loc":{"start":{"line":27,"column":28},"end":{"line":49,"column":5}},"line":27},"6":{"name":"(anonymous_6)","decl":{"start":{"line":28,"column":27},"end":{"line":28,"column":28}},"loc":{"start":{"line":28,"column":54},"end":{"line":48,"column":9}},"line":28},"7":{"name":"(anonymous_7)","decl":{"start":{"line":50,"column":17},"end":{"line":50,"column":18}},"loc":{"start":{"line":50,"column":40},"end":{"line":78,"column":5}},"line":50},"8":{"name":"(anonymous_8)","decl":{"start":{"line":51,"column":27},"end":{"line":51,"column":28}},"loc":{"start":{"line":51,"column":54},"end":{"line":77,"column":9}},"line":51},"9":{"name":"(anonymous_9)","decl":{"start":{"line":79,"column":20},"end":{"line":79,"column":21}},"loc":{"start":{"line":79,"column":27},"end":{"line":102,"column":5}},"line":79},"10":{"name":"(anonymous_10)","decl":{"start":{"line":80,"column":27},"end":{"line":80,"column":28}},"loc":{"start":{"line":80,"column":54},"end":{"line":101,"column":9}},"line":80},"11":{"name":"(anonymous_11)","decl":{"start":{"line":103,"column":19},"end":{"line":103,"column":20}},"loc":{"start":{"line":103,"column":38},"end":{"line":148,"column":5}},"line":103},"12":{"name":"(anonymous_12)","decl":{"start":{"line":104,"column":27},"end":{"line":104,"column":28}},"loc":{"start":{"line":104,"column":54},"end":{"line":147,"column":9}},"line":104}},"branchMap":{"0":{"loc":{"start":{"line":30,"column":16},"end":{"line":35,"column":17}},"type":"if","locations":[{"start":{"line":30,"column":16},"end":{"line":35,"column":17}},{"start":{"line":30,"column":16},"end":{"line":35,"column":17}}],"line":30},"1":{"loc":{"start":{"line":52,"column":12},"end":{"line":57,"column":13}},"type":"if","locations":[{"start":{"line":52,"column":12},"end":{"line":57,"column":13}},{"start":{"line":52,"column":12},"end":{"line":57,"column":13}}],"line":52},"2":{"loc":{"start":{"line":52,"column":15},"end":{"line":52,"column":36}},"type":"binary-expr","locations":[{"start":{"line":52,"column":15},"end":{"line":52,"column":27}},{"start":{"line":52,"column":31},"end":{"line":52,"column":36}}],"line":52},"3":{"loc":{"start":{"line":81,"column":12},"end":{"line":86,"column":13}},"type":"if","locations":[{"start":{"line":81,"column":12},"end":{"line":86,"column":13}},{"start":{"line":81,"column":12},"end":{"line":86,"column":13}}],"line":81},"4":{"loc":{"start":{"line":103,"column":24},"end":{"line":103,"column":33}},"type":"default-arg","locations":[{"start":{"line":103,"column":31},"end":{"line":103,"column":33}}],"line":103},"5":{"loc":{"start":{"line":106,"column":16},"end":{"line":118,"column":17}},"type":"if","locations":[{"start":{"line":106,"column":16},"end":{"line":118,"column":17}},{"start":{"line":106,"column":16},"end":{"line":118,"column":17}}],"line":106},"6":{"loc":{"start":{"line":111,"column":23},"end":{"line":118,"column":17}},"type":"if","locations":[{"start":{"line":111,"column":23},"end":{"line":118,"column":17}},{"start":{"line":111,"column":23},"end":{"line":118,"column":17}}],"line":111},"7":{"loc":{"start":{"line":111,"column":26},"end":{"line":111,"column":85}},"type":"binary-expr","locations":[{"start":{"line":111,"column":26},"end":{"line":111,"column":59}},{"start":{"line":111,"column":63},"end":{"line":111,"column":85}}],"line":111},"8":{"loc":{"start":{"line":113,"column":23},"end":{"line":118,"column":17}},"type":"if","locations":[{"start":{"line":113,"column":23},"end":{"line":118,"column":17}},{"start":{"line":113,"column":23},"end":{"line":118,"column":17}}],"line":113},"9":{"loc":{"start":{"line":113,"column":26},"end":{"line":113,"column":85}},"type":"binary-expr","locations":[{"start":{"line":113,"column":26},"end":{"line":113,"column":59}},{"start":{"line":113,"column":63},"end":{"line":113,"column":85}}],"line":113},"10":{"loc":{"start":{"line":119,"column":16},"end":{"line":129,"column":17}},"type":"if","locations":[{"start":{"line":119,"column":16},"end":{"line":129,"column":17}},{"start":{"line":119,"column":16},"end":{"line":129,"column":17}}],"line":119},"11":{"loc":{"start":{"line":124,"column":23},"end":{"line":129,"column":17}},"type":"if","locations":[{"start":{"line":124,"column":23},"end":{"line":129,"column":17}},{"start":{"line":124,"column":23},"end":{"line":129,"column":17}}],"line":124}},"s":{"0":1,"1":0,"2":0,"3":0,"4":0,"5":0,"6":0,"7":3,"8":3,"9":3,"10":1,"11":3,"12":2,"13":1,"14":4,"15":4,"16":2,"17":4,"18":4,"19":4,"20":4,"21":3,"22":1,"23":3,"24":3,"25":1,"26":3,"27":3,"28":2,"29":1,"30":6,"31":6,"32":6,"33":1,"34":5,"35":4,"36":1,"37":1,"38":5,"39":0,"40":5,"41":3,"42":5,"43":5,"44":5,"45":5,"46":4,"47":2},"f":{"0":0,"1":0,"2":0,"3":0,"4":0,"5":3,"6":3,"7":4,"8":4,"9":3,"10":3,"11":6,"12":6},"b":{"0":[1,2],"1":[2,2],"2":[4,3],"3":[1,2],"4":[3],"5":[1,5],"6":[4,1],"7":[5,5],"8":[1,0],"9":[1,1],"10":[0,5],"11":[3,2]},"_coverageSchema":"43e27e138ebf9cfc5966b082cf9a028302ed4184","hash":"8c0dec4d890e08a6134c279b0f595ccb46e04c7f"}
,"/Users/p2824538/Documents/code/RAVEN/raven-microservice-boilerplate/api/modules/ingest/ingestApi.mjs": {"path":"/Users/p2824538/Documents/code/RAVEN/raven-microservice-boilerplate/api/modules/ingest/ingestApi.mjs","statementMap":{"0":{"start":{"line":5,"column":8},"end":{"line":24,"column":10}},"1":{"start":{"line":6,"column":12},"end":{"line":23,"column":18}},"2":{"start":{"line":8,"column":20},"end":{"line":8,"column":38}},"3":{"start":{"line":11,"column":20},"end":{"line":15,"column":22}},"4":{"start":{"line":18,"column":20},"end":{"line":18,"column":70}},"5":{"start":{"line":19,"column":20},"end":{"line":22,"column":22}}},"fnMap":{"0":{"name":"(anonymous_0)","decl":{"start":{"line":4,"column":12},"end":{"line":4,"column":13}},"loc":{"start":{"line":4,"column":18},"end":{"line":25,"column":5}},"line":4},"1":{"name":"(anonymous_1)","decl":{"start":{"line":5,"column":27},"end":{"line":5,"column":28}},"loc":{"start":{"line":5,"column":48},"end":{"line":24,"column":9}},"line":5},"2":{"name":"(anonymous_2)","decl":{"start":{"line":7,"column":22},"end":{"line":7,"column":23}},"loc":{"start":{"line":7,"column":29},"end":{"line":9,"column":17}},"line":7},"3":{"name":"(anonymous_3)","decl":{"start":{"line":10,"column":23},"end":{"line":10,"column":24}},"loc":{"start":{"line":10,"column":31},"end":{"line":16,"column":17}},"line":10},"4":{"name":"(anonymous_4)","decl":{"start":{"line":17,"column":23},"end":{"line":17,"column":24}},"loc":{"start":{"line":17,"column":36},"end":{"line":23,"column":17}},"line":17}},"branchMap":{},"s":{"0":0,"1":0,"2":0,"3":0,"4":0,"5":0},"f":{"0":0,"1":0,"2":0,"3":0,"4":0},"b":{},"_coverageSchema":"43e27e138ebf9cfc5966b082cf9a028302ed4184","hash":"4064fa75be5dbebaf3777823966ab480bc788743"}
}
