TN:
SF:/Users/p2824538/Documents/code/RAVEN/raven-microservice-boilerplate/api/index.mjs
FNF:0
FNH:0
LF:0
LH:0
BRF:0
BRH:0
end_of_record
TN:
SF:/Users/p2824538/Documents/code/RAVEN/raven-microservice-boilerplate/api/modules/basics/basicsApi.mjs
FN:6,(anonymous_0)
FN:7,(anonymous_1)
FN:9,(anonymous_2)
FN:12,(anonymous_3)
FN:18,(anonymous_4)
FN:27,(anonymous_5)
FN:28,(anonymous_6)
FN:50,(anonymous_7)
FN:51,(anonymous_8)
FN:79,(anonymous_9)
FN:80,(anonymous_10)
FN:103,(anonymous_11)
FN:104,(anonymous_12)
FNF:13
FNH:8
FNDA:0,(anonymous_0)
FNDA:0,(anonymous_1)
FNDA:0,(anonymous_2)
FNDA:0,(anonymous_3)
FNDA:0,(anonymous_4)
FNDA:3,(anonymous_5)
FNDA:3,(anonymous_6)
FNDA:4,(anonymous_7)
FNDA:4,(anonymous_8)
FNDA:3,(anonymous_9)
FNDA:3,(anonymous_10)
FNDA:5,(anonymous_11)
FNDA:5,(anonymous_12)
DA:3,1
DA:7,0
DA:8,0
DA:10,0
DA:13,0
DA:19,0
DA:20,0
DA:28,3
DA:29,3
DA:30,3
DA:31,1
DA:36,3
DA:37,2
DA:43,1
DA:51,4
DA:52,4
DA:53,2
DA:58,4
DA:59,4
DA:62,4
DA:64,4
DA:66,3
DA:72,1
DA:80,3
DA:81,3
DA:82,1
DA:87,3
DA:88,3
DA:90,2
DA:96,1
DA:104,5
DA:105,5
DA:106,5
DA:107,1
DA:111,4
DA:112,3
DA:113,1
DA:114,1
DA:118,0
DA:119,0
DA:123,0
DA:124,0
DA:129,4
DA:130,4
DA:131,4
DA:133,4
DA:135,3
DA:141,2
LF:48
LH:38
BRDA:30,0,0,1
BRDA:30,0,1,2
BRDA:52,1,0,2
BRDA:52,1,1,2
BRDA:52,2,0,4
BRDA:52,2,1,3
BRDA:81,3,0,1
BRDA:81,3,1,2
BRDA:103,4,0,3
BRDA:106,5,0,1
BRDA:106,5,1,4
BRDA:111,6,0,3
BRDA:111,6,1,1
BRDA:111,7,0,4
BRDA:111,7,1,4
BRDA:113,8,0,1
BRDA:113,8,1,0
BRDA:113,9,0,1
BRDA:113,9,1,1
BRDA:118,10,0,0
BRDA:118,10,1,0
BRDA:123,11,0,0
BRDA:123,11,1,0
BRF:23
BRH:18
end_of_record
TN:
SF:/Users/p2824538/Documents/code/RAVEN/raven-microservice-boilerplate/api/modules/ingest/ingestApi.mjs
FN:4,(anonymous_0)
FN:5,(anonymous_1)
FN:7,(anonymous_2)
FN:10,(anonymous_3)
FN:17,(anonymous_4)
FNF:5
FNH:0
FNDA:0,(anonymous_0)
FNDA:0,(anonymous_1)
FNDA:0,(anonymous_2)
FNDA:0,(anonymous_3)
FNDA:0,(anonymous_4)
DA:5,0
DA:6,0
DA:8,0
DA:11,0
DA:18,0
DA:19,0
LF:6
LH:0
BRF:0
BRH:0
end_of_record
